<?xml version="1.0" encoding="UTF-8" ?>
<testsuites name="vitest tests" tests="22" failures="0" errors="0" time="1.805">
    <testsuite name="src/components/Expandable/Expandable.test.tsx" timestamp="2024-10-06T15:36:06.835Z" hostname="fv-az1242-833" tests="22" failures="0" errors="0" skipped="0" time="0.246210577">
        <testcase classname="src/components/Expandable/Expandable.test.tsx" name="Expandable Component &gt; Basic tests &gt; should render collapsed by default and expand when clicked" time="0.039066492">
        </testcase>
        <testcase classname="src/components/Expandable/Expandable.test.tsx" name="Expandable Component &gt; Basic tests &gt; should render expanded by default if startExpanded is true" time="0.003812424">
        </testcase>
        <testcase classname="src/components/Expandable/Expandable.test.tsx" name="Expandable Component &gt; Basic tests &gt; should collapse when clicked after being expanded" time="0.005576519">
        </testcase>
        <testcase classname="src/components/Expandable/Expandable.test.tsx" name="Expandable Component &gt; Basic tests &gt; should handle empty prompts gracefully" time="0.004751508">
        </testcase>
        <testcase classname="src/components/Expandable/Expandable.test.tsx" name="Expandable Component &gt; Basic tests &gt; should handle null prompts gracefully" time="0.004339544">
        </testcase>
        <testcase classname="src/components/Expandable/Expandable.test.tsx" name="Expandable Component &gt; Basic tests &gt; should handle undefined prompts gracefully" time="0.004138517">
        </testcase>
        <testcase classname="src/components/Expandable/Expandable.test.tsx" name="Expandable Component &gt; Basic tests &gt; should perform well with large content when expanding/collapsing" time="0.003894318">
        </testcase>
        <testcase classname="src/components/Expandable/Expandable.test.tsx" name="Expandable Component &gt; Basic tests &gt; should update when startExpanded prop is changed dynamically" time="0.00498079">
        </testcase>
        <testcase classname="src/components/Expandable/Expandable.test.tsx" name="Expandable Component &gt; Basic tests &gt; should maintain visual consistency between expanded and collapsed states" time="0.015176098">
        </testcase>
        <testcase classname="src/components/Expandable/Expandable.test.tsx" name="Expandable Component &gt; Basic tests &gt; should respond correctly to different screen sizes" time="0.003251871">
        </testcase>
        <testcase classname="src/components/Expandable/Expandable.test.tsx" name="Expandable Component &gt; Storybook Stories &gt; should render the &quot;PreExpanded&quot; story correctly" time="0.035846201">
        </testcase>
        <testcase classname="src/components/Expandable/Expandable.test.tsx" name="Expandable Component &gt; Storybook Stories &gt; should render custom expand and collapse prompts in the &quot;CustomExpandCollapsePrompt&quot; story" time="0.019146279">
        </testcase>
        <testcase classname="src/components/Expandable/Expandable.test.tsx" name="Expandable Component &gt; Storybook Stories &gt; should render the &quot;Default&quot; story collapsed by default" time="0.006497149">
        </testcase>
        <testcase classname="src/components/Expandable/Expandable.test.tsx" name="Expandable Component &gt; Storybook Stories &gt; should expand the &quot;Default&quot; story content when clicked" time="0.011418407">
        </testcase>
        <testcase classname="src/components/Expandable/Expandable.test.tsx" name="Expandable Component &gt; Storybook Stories &gt; should allow independent toggling of nested Expandable components" time="0.037083837">
        </testcase>
        <testcase classname="src/components/Expandable/Expandable.test.tsx" name="Expandable Component &gt; Accessibility Tests &gt; should render with initial collapsed state" time="0.005319526">
        </testcase>
        <testcase classname="src/components/Expandable/Expandable.test.tsx" name="Expandable Component &gt; Accessibility Tests &gt; should expand and focus on content when clicked" time="0.005127736">
        </testcase>
        <testcase classname="src/components/Expandable/Expandable.test.tsx" name="Expandable Component &gt; Accessibility Tests &gt; should collapse and move focus back to the button" time="0.005398214">
        </testcase>
        <testcase classname="src/components/Expandable/Expandable.test.tsx" name="Expandable Component &gt; Accessibility Tests &gt; should start expanded if startExpanded is true" time="0.007577359">
        </testcase>
        <testcase classname="src/components/Expandable/Expandable.test.tsx" name="Expandable Component &gt; Accessibility Tests &gt; When Expandables are nested &gt; should set aria-expanded correctly for parent and child independently" time="0.005291423">
        </testcase>
        <testcase classname="src/components/Expandable/Expandable.test.tsx" name="Expandable Component &gt; Accessibility Tests &gt; When Expandables are nested &gt; should manage focus correctly between parent and child expandables" time="0.009737748">
        </testcase>
        <testcase classname="src/components/Expandable/Expandable.test.tsx" name="Expandable Component &gt; Accessibility Tests &gt; When Expandables are nested &gt; should be keyboard navigable for both parent and child" time="0.00647102">
        </testcase>
    </testsuite>
</testsuites>
