<?xml version="1.0" encoding="UTF-8" ?>
<testsuites name="vitest tests" tests="22" failures="0" errors="0" time="1.752">
    <testsuite name="src/components/Expandable/Expandable.test.tsx" timestamp="2024-09-25T09:05:59.824Z" hostname="fv-az1445-269" tests="22" failures="0" errors="0" skipped="0" time="0.232541749">
        <testcase classname="src/components/Expandable/Expandable.test.tsx" name="Expandable Component &gt; Basic tests &gt; should render collapsed by default and expand when clicked" time="0.036286344">
        </testcase>
        <testcase classname="src/components/Expandable/Expandable.test.tsx" name="Expandable Component &gt; Basic tests &gt; should render expanded by default if startExpanded is true" time="0.003845701">
        </testcase>
        <testcase classname="src/components/Expandable/Expandable.test.tsx" name="Expandable Component &gt; Basic tests &gt; should collapse when clicked after being expanded" time="0.00545197">
        </testcase>
        <testcase classname="src/components/Expandable/Expandable.test.tsx" name="Expandable Component &gt; Basic tests &gt; should handle empty prompts gracefully" time="0.004601683">
        </testcase>
        <testcase classname="src/components/Expandable/Expandable.test.tsx" name="Expandable Component &gt; Basic tests &gt; should handle null prompts gracefully" time="0.004245958">
        </testcase>
        <testcase classname="src/components/Expandable/Expandable.test.tsx" name="Expandable Component &gt; Basic tests &gt; should handle undefined prompts gracefully" time="0.00402745">
        </testcase>
        <testcase classname="src/components/Expandable/Expandable.test.tsx" name="Expandable Component &gt; Basic tests &gt; should perform well with large content when expanding/collapsing" time="0.003792161">
        </testcase>
        <testcase classname="src/components/Expandable/Expandable.test.tsx" name="Expandable Component &gt; Basic tests &gt; should update when startExpanded prop is changed dynamically" time="0.004036718">
        </testcase>
        <testcase classname="src/components/Expandable/Expandable.test.tsx" name="Expandable Component &gt; Basic tests &gt; should maintain visual consistency between expanded and collapsed states" time="0.012193508">
        </testcase>
        <testcase classname="src/components/Expandable/Expandable.test.tsx" name="Expandable Component &gt; Basic tests &gt; should respond correctly to different screen sizes" time="0.002809457">
        </testcase>
        <testcase classname="src/components/Expandable/Expandable.test.tsx" name="Expandable Component &gt; Storybook Stories &gt; should render the &quot;PreExpanded&quot; story correctly" time="0.033631367">
        </testcase>
        <testcase classname="src/components/Expandable/Expandable.test.tsx" name="Expandable Component &gt; Storybook Stories &gt; should render custom expand and collapse prompts in the &quot;CustomExpandCollapsePrompt&quot; story" time="0.016766317">
        </testcase>
        <testcase classname="src/components/Expandable/Expandable.test.tsx" name="Expandable Component &gt; Storybook Stories &gt; should render the &quot;Default&quot; story collapsed by default" time="0.006281199">
        </testcase>
        <testcase classname="src/components/Expandable/Expandable.test.tsx" name="Expandable Component &gt; Storybook Stories &gt; should expand the &quot;Default&quot; story content when clicked" time="0.01266042">
        </testcase>
        <testcase classname="src/components/Expandable/Expandable.test.tsx" name="Expandable Component &gt; Storybook Stories &gt; should allow independent toggling of nested Expandable components" time="0.036448077">
        </testcase>
        <testcase classname="src/components/Expandable/Expandable.test.tsx" name="Expandable Component &gt; Accessibility Tests &gt; should render with initial collapsed state" time="0.005159534">
        </testcase>
        <testcase classname="src/components/Expandable/Expandable.test.tsx" name="Expandable Component &gt; Accessibility Tests &gt; should expand and focus on content when clicked" time="0.005490161">
        </testcase>
        <testcase classname="src/components/Expandable/Expandable.test.tsx" name="Expandable Component &gt; Accessibility Tests &gt; should collapse and move focus back to the button" time="0.004769035">
        </testcase>
        <testcase classname="src/components/Expandable/Expandable.test.tsx" name="Expandable Component &gt; Accessibility Tests &gt; should start expanded if startExpanded is true" time="0.005874029">
        </testcase>
        <testcase classname="src/components/Expandable/Expandable.test.tsx" name="Expandable Component &gt; Accessibility Tests &gt; When Expandables are nested &gt; should set aria-expanded correctly for parent and child independently" time="0.006100351">
        </testcase>
        <testcase classname="src/components/Expandable/Expandable.test.tsx" name="Expandable Component &gt; Accessibility Tests &gt; When Expandables are nested &gt; should manage focus correctly between parent and child expandables" time="0.009374865">
        </testcase>
        <testcase classname="src/components/Expandable/Expandable.test.tsx" name="Expandable Component &gt; Accessibility Tests &gt; When Expandables are nested &gt; should be keyboard navigable for both parent and child" time="0.006450565">
        </testcase>
    </testsuite>
</testsuites>
