<?xml version="1.0" encoding="UTF-8" ?>
<testsuites name="vitest tests" tests="22" failures="0" errors="0" time="1.682">
    <testsuite name="src/components/Expandable/Expandable.test.tsx" timestamp="2024-09-24T01:30:17.215Z" hostname="fv-az914-96" tests="22" failures="0" errors="0" skipped="0" time="0.237086306">
        <testcase classname="src/components/Expandable/Expandable.test.tsx" name="Expandable Component &gt; Basic tests &gt; should render collapsed by default and expand when clicked" time="0.03601434">
        </testcase>
        <testcase classname="src/components/Expandable/Expandable.test.tsx" name="Expandable Component &gt; Basic tests &gt; should render expanded by default if startExpanded is true" time="0.00368771">
        </testcase>
        <testcase classname="src/components/Expandable/Expandable.test.tsx" name="Expandable Component &gt; Basic tests &gt; should collapse when clicked after being expanded" time="0.005427243">
        </testcase>
        <testcase classname="src/components/Expandable/Expandable.test.tsx" name="Expandable Component &gt; Basic tests &gt; should handle empty prompts gracefully" time="0.004596404">
        </testcase>
        <testcase classname="src/components/Expandable/Expandable.test.tsx" name="Expandable Component &gt; Basic tests &gt; should handle null prompts gracefully" time="0.004329793">
        </testcase>
        <testcase classname="src/components/Expandable/Expandable.test.tsx" name="Expandable Component &gt; Basic tests &gt; should handle undefined prompts gracefully" time="0.004065859">
        </testcase>
        <testcase classname="src/components/Expandable/Expandable.test.tsx" name="Expandable Component &gt; Basic tests &gt; should perform well with large content when expanding/collapsing" time="0.003793938">
        </testcase>
        <testcase classname="src/components/Expandable/Expandable.test.tsx" name="Expandable Component &gt; Basic tests &gt; should update when startExpanded prop is changed dynamically" time="0.004058454">
        </testcase>
        <testcase classname="src/components/Expandable/Expandable.test.tsx" name="Expandable Component &gt; Basic tests &gt; should maintain visual consistency between expanded and collapsed states" time="0.012223523">
        </testcase>
        <testcase classname="src/components/Expandable/Expandable.test.tsx" name="Expandable Component &gt; Basic tests &gt; should respond correctly to different screen sizes" time="0.002810974">
        </testcase>
        <testcase classname="src/components/Expandable/Expandable.test.tsx" name="Expandable Component &gt; Storybook Stories &gt; should render the &quot;PreExpanded&quot; story correctly" time="0.034651673">
        </testcase>
        <testcase classname="src/components/Expandable/Expandable.test.tsx" name="Expandable Component &gt; Storybook Stories &gt; should render custom expand and collapse prompts in the &quot;CustomExpandCollapsePrompt&quot; story" time="0.017835713">
        </testcase>
        <testcase classname="src/components/Expandable/Expandable.test.tsx" name="Expandable Component &gt; Storybook Stories &gt; should render the &quot;Default&quot; story collapsed by default" time="0.006347208">
        </testcase>
        <testcase classname="src/components/Expandable/Expandable.test.tsx" name="Expandable Component &gt; Storybook Stories &gt; should expand the &quot;Default&quot; story content when clicked" time="0.010776078">
        </testcase>
        <testcase classname="src/components/Expandable/Expandable.test.tsx" name="Expandable Component &gt; Storybook Stories &gt; should allow independent toggling of nested Expandable components" time="0.036655733">
        </testcase>
        <testcase classname="src/components/Expandable/Expandable.test.tsx" name="Expandable Component &gt; Accessibility Tests &gt; should render with initial collapsed state" time="0.005164409">
        </testcase>
        <testcase classname="src/components/Expandable/Expandable.test.tsx" name="Expandable Component &gt; Accessibility Tests &gt; should expand and focus on content when clicked" time="0.005113053">
        </testcase>
        <testcase classname="src/components/Expandable/Expandable.test.tsx" name="Expandable Component &gt; Accessibility Tests &gt; should collapse and move focus back to the button" time="0.004799555">
        </testcase>
        <testcase classname="src/components/Expandable/Expandable.test.tsx" name="Expandable Component &gt; Accessibility Tests &gt; should start expanded if startExpanded is true" time="0.007151428">
        </testcase>
        <testcase classname="src/components/Expandable/Expandable.test.tsx" name="Expandable Component &gt; Accessibility Tests &gt; When Expandables are nested &gt; should set aria-expanded correctly for parent and child independently" time="0.005864592">
        </testcase>
        <testcase classname="src/components/Expandable/Expandable.test.tsx" name="Expandable Component &gt; Accessibility Tests &gt; When Expandables are nested &gt; should manage focus correctly between parent and child expandables" time="0.013072717">
        </testcase>
        <testcase classname="src/components/Expandable/Expandable.test.tsx" name="Expandable Component &gt; Accessibility Tests &gt; When Expandables are nested &gt; should be keyboard navigable for both parent and child" time="0.006418973">
        </testcase>
    </testsuite>
</testsuites>
